<?xml version="1.0" encoding="UTF-8"?>
<!-- Generated by org.testng.reporters.JUnitXMLReporter -->
<testsuite ignored="0" hostname="Lab-637618509474497233-1" failures="1" tests="1" name="Test1" time="8.139" errors="0" timestamp="2021-09-26T16:41:54 IST">
  <testcase classname="UrbanLadder.jioMartCashback" name="jioCashback" time="1.999">
    <failure type="java.lang.AssertionError" message="expected [Terms and Conditions For Jio Mart Cash Back] but found [Terms And Conditions For Jio Mart Cash Back]">
      <![CDATA[java.lang.AssertionError: expected [Terms and Conditions For Jio Mart Cash Back] but found [Terms And Conditions For Jio Mart Cash Back]
at UrbanLadder.jioMartCashback.jioCashback(jioMartCashback.java:47)
at java.base/java.util.ArrayList.forEach(ArrayList.java:1541)
... Removed 33 stack frames]]>
    </failure>
  </testcase> <!-- jioCashback -->
</testsuite> <!-- Test1 -->
