<?xml version="1.0" encoding="UTF-8"?>
<!-- Generated by org.testng.reporters.JUnitXMLReporter -->
<testsuite ignored="0" hostname="Lab-637618509474497233-1" failures="1" tests="1" name="Test7" time="5.492" errors="0" timestamp="2021-09-26T16:43:00 IST">
  <testcase classname="UrbanLadder.validateUrbanLadderText" name="validateText" time="0.433">
    <failure type="java.lang.AssertionError" message="expected [Explore Our Furniture Range1] but found [Explore Our Furniture Range]">
      <![CDATA[java.lang.AssertionError: expected [Explore Our Furniture Range1] but found [Explore Our Furniture Range]
at UrbanLadder.validateUrbanLadderText.validateText(validateUrbanLadderText.java:34)
at java.base/java.util.ArrayList.forEach(ArrayList.java:1541)
... Removed 33 stack frames]]>
    </failure>
  </testcase> <!-- validateText -->
</testsuite> <!-- Test7 -->
